<?xml version="1.0" encoding="UTF-8"?>
<!-- Generated by org.testng.reporters.JUnitReportReporter -->
<testsuite skipped="0" hostname="sreekanth-PC" name="Tests.HomeTests" tests="3" failures="0" timestamp="24 Mar 2018 20:48:37 GMT" time="9.606" errors="0">
  <testcase name="Login" time="9.329" classname="Tests.HomeTests"/>
  <testcase name="ValueCheking" time="0.055" classname="Tests.HomeTests"/>
  <testcase name="Marketplace" time="0.222" classname="Tests.HomeTests"/>
</testsuite> <!-- Tests.HomeTests -->
