<?xml version="1.0" encoding="UTF-8"?>
<!-- Generated by org.testng.reporters.JUnitReportReporter -->
<testsuite skipped="0" hostname="sreekanth-PC" name="Tests.EntryTests" tests="1" failures="0" timestamp="5 Jan 2018 20:52:56 GMT" time="0.003" errors="0">
  <testcase name="NAmecheck" time="0.003" classname="Tests.EntryTests"/>
</testsuite> <!-- Tests.EntryTests -->
